<?xml version="1.0" encoding="UTF-8"?>
<!-- Generated by org.testng.reporters.JUnitReportReporter -->
<testsuite skipped="0" hostname="CL-NB-437" name="scroll.TestingClass" tests="3" failures="0" timestamp="30 Apr 2019 13:58:08 GMT" time="1.449" errors="0">
  <testcase name="valida_rsocial" time="0.169" classname="scroll.TestingClass"/>
  <testcase name="inicio" time="1.238" classname="scroll.TestingClass"/>
  <testcase name="valida_rut" time="0.042" classname="scroll.TestingClass"/>
</testsuite> <!-- scroll.TestingClass -->
